<?xml version="1.0" encoding="UTF-8"?>
<!-- Generated by org.testng.reporters.JUnitReportReporter -->
<testsuite hostname="VERMAP6-TL1" name="com.automationPractice.TestCases.HomePageTest" tests="1" failures="0" timestamp="25 Jan 2020 19:59:24 GMT" time="15.421" errors="0">
  <testcase name="verifyMoreBtn" time="15.421" classname="com.automationPractice.TestCases.HomePageTest"/>
</testsuite> <!-- com.automationPractice.TestCases.HomePageTest -->
