<?xml version="1.0" encoding="UTF-8"?>
<!-- Generated by org.testng.reporters.JUnitReportReporter -->
<testsuite hostname="VERMAP6-TL1" name="com.automationPractice.TestCases.SearchPageTest" tests="2" failures="0" timestamp="25 Jan 2020 19:59:24 GMT" time="47.494" errors="0">
  <testcase name="verifyLowtoHighSorting" time="34.386" classname="com.automationPractice.TestCases.SearchPageTest"/>
  <testcase name="verifySortByOptions" time="13.108" classname="com.automationPractice.TestCases.SearchPageTest"/>
</testsuite> <!-- com.automationPractice.TestCases.SearchPageTest -->
