<?xml version="1.0" encoding="UTF-8"?>
<!-- Generated by org.testng.reporters.JUnitReportReporter -->
<testsuite hostname="VERMAP6-TL1" name="com.automationPractice.TestCases.SignInTest" tests="1" failures="0" timestamp="25 Jan 2020 19:59:24 GMT" time="9.657" errors="0">
  <testcase name="doLogin" time="9.657" classname="com.automationPractice.TestCases.SignInTest"/>
</testsuite> <!-- com.automationPractice.TestCases.SignInTest -->
