<?xml version="1.0" encoding="UTF-8"?>
<!-- Generated by org.testng.reporters.JUnitReportReporter -->
<testsuite skipped="0" hostname="VERMAP6-TL1" name="com.automationPractice.TestCases.SearchPageTest" tests="2" failures="0" timestamp="2020-01-25T23:43:20 MST" time="40.257" errors="0">
  <testcase name="verifyLowtoHighSorting" time="29.160" classname="com.automationPractice.TestCases.SearchPageTest"/>
  <system-out/>
  <testcase name="verifySortByOptions" time="11.097" classname="com.automationPractice.TestCases.SearchPageTest"/>
  <system-out/>
</testsuite> <!-- com.automationPractice.TestCases.SearchPageTest -->
