<?xml version="1.0" encoding="UTF-8"?>
<!-- Generated by org.testng.reporters.JUnitReportReporter -->
<testsuite skipped="0" hostname="VERMAP6-TL1" name="com.automationPractice.TestCases.SignInTest" tests="1" failures="0" timestamp="2020-01-25T13:08:30 MST" time="8.676" errors="0">
  <testcase name="doLogin" time="8.676" classname="com.automationPractice.TestCases.SignInTest"/>
  <system-out/>
</testsuite> <!-- com.automationPractice.TestCases.SignInTest -->
