<?xml version="1.0" encoding="UTF-8"?>
<!-- Generated by org.testng.reporters.JUnitReportReporter -->
<testsuite skipped="0" hostname="VERMAP6-TL1" name="com.automationPractice.TestCases.HomePageTest" tests="1" failures="0" timestamp="2020-01-25T13:08:30 MST" time="24.315" errors="0">
  <testcase name="verifyMoreBtn" time="24.315" classname="com.automationPractice.TestCases.HomePageTest"/>
  <system-out/>
</testsuite> <!-- com.automationPractice.TestCases.HomePageTest -->
