<?xml version="1.0" encoding="UTF-8"?>
<!-- Generated by org.testng.reporters.JUnitReportReporter -->
<testsuite skipped="0" hostname="VERMAP6-TL1" name="com.automationPractice.TestCases.SearchPageTest" tests="2" failures="0" timestamp="2020-01-25T13:08:30 MST" time="35.883" errors="0">
  <testcase name="verifySortByOptions" time="7.611" classname="com.automationPractice.TestCases.SearchPageTest"/>
  <system-out/>
  <testcase name="verifyLowtoHighSorting" time="28.272" classname="com.automationPractice.TestCases.SearchPageTest"/>
  <system-out/>
</testsuite> <!-- com.automationPractice.TestCases.SearchPageTest -->
