<?xml version="1.0" encoding="UTF-8"?>
<!-- Generated by org.testng.reporters.JUnitReportReporter -->
<testsuite skipped="0" hostname="VERMAP6-TL1" name="com.automationPractice.TestCases.SignInTest" tests="1" failures="0" timestamp="2020-01-25T23:43:20 MST" time="9.060" errors="0">
  <testcase name="doLogin" time="9.060" classname="com.automationPractice.TestCases.SignInTest"/>
  <system-out/>
</testsuite> <!-- com.automationPractice.TestCases.SignInTest -->
